2021-08-31 12:32:44,148 INFO org.springframework.boot.StartupInfoLogger [restartedMain] Starting ClinicaltrialsApplication using Java 11.0.11 on BEASTY with PID 21300 (E:\Source-Peterson\clinicaltrials\target\classes started by Cranky in E:\Source-Peterson\clinicaltrials)
2021-08-31 12:32:44,151 DEBUG org.springframework.boot.StartupInfoLogger [restartedMain] Running with Spring Boot v2.5.4, Spring v5.3.9
2021-08-31 12:32:44,151 INFO org.springframework.boot.SpringApplication [restartedMain] No active profile set, falling back to default profiles: default
2021-08-31 12:32:44,177 INFO org.springframework.boot.logging.DeferredLog [restartedMain] Devtools property defaults active! Set 'spring.devtools.add-properties' to 'false' to disable
2021-08-31 12:32:44,177 INFO org.springframework.boot.logging.DeferredLog [restartedMain] For additional web related logging consider setting the 'logging.level.web' property to 'DEBUG'
2021-08-31 12:32:44,969 INFO org.springframework.boot.web.embedded.tomcat.TomcatWebServer [restartedMain] Tomcat initialized with port(s): 8080 (http)
2021-08-31 12:32:44,975 INFO org.apache.juli.logging.DirectJDKLog [restartedMain] Initializing ProtocolHandler ["http-nio-8080"]
2021-08-31 12:32:44,975 INFO org.apache.juli.logging.DirectJDKLog [restartedMain] Starting service [Tomcat]
2021-08-31 12:32:44,975 INFO org.apache.juli.logging.DirectJDKLog [restartedMain] Starting Servlet engine: [Apache Tomcat/9.0.52]
2021-08-31 12:32:45,027 INFO org.apache.juli.logging.DirectJDKLog [restartedMain] Initializing Spring embedded WebApplicationContext
2021-08-31 12:32:45,028 INFO org.springframework.boot.web.servlet.context.ServletWebServerApplicationContext [restartedMain] Root WebApplicationContext: initialization completed in 851 ms
2021-08-31 12:32:45,256 INFO org.springframework.boot.autoconfigure.security.servlet.UserDetailsServiceAutoConfiguration [restartedMain] 

Using generated security password: abb06468-628a-43cb-81c4-51235b6ec5c9

2021-08-31 12:32:45,318 INFO org.springframework.security.web.DefaultSecurityFilterChain [restartedMain] Will secure any request with [org.springframework.security.web.context.request.async.WebAsyncManagerIntegrationFilter@5c5afe56, org.springframework.security.web.context.SecurityContextPersistenceFilter@e660422, org.springframework.security.web.header.HeaderWriterFilter@79a9ec27, org.springframework.security.web.csrf.CsrfFilter@2783aee, org.springframework.security.web.authentication.logout.LogoutFilter@50564ad, org.springframework.security.web.authentication.UsernamePasswordAuthenticationFilter@4c148f8c, org.springframework.security.web.authentication.ui.DefaultLoginPageGeneratingFilter@232f92bf, org.springframework.security.web.authentication.ui.DefaultLogoutPageGeneratingFilter@5e9b073c, org.springframework.security.web.authentication.www.BasicAuthenticationFilter@6b12f58e, org.springframework.security.web.savedrequest.RequestCacheAwareFilter@6322f081, org.springframework.security.web.servletapi.SecurityContextHolderAwareRequestFilter@6fa22e7, org.springframework.security.web.authentication.AnonymousAuthenticationFilter@22d927e4, org.springframework.security.web.session.SessionManagementFilter@4418918d, org.springframework.security.web.access.ExceptionTranslationFilter@7273339f, org.springframework.security.web.access.intercept.FilterSecurityInterceptor@4d2b6921]
2021-08-31 12:32:45,363 INFO org.springframework.boot.devtools.autoconfigure.OptionalLiveReloadServer [restartedMain] LiveReload server is running on port 35729
2021-08-31 12:32:45,372 INFO org.apache.juli.logging.DirectJDKLog [restartedMain] Starting ProtocolHandler ["http-nio-8080"]
2021-08-31 12:32:45,382 INFO org.springframework.boot.web.embedded.tomcat.TomcatWebServer [restartedMain] Tomcat started on port(s): 8080 (http) with context path ''
2021-08-31 12:32:45,390 INFO org.springframework.boot.StartupInfoLogger [restartedMain] Started ClinicaltrialsApplication in 1.579 seconds (JVM running for 2.214)
2021-08-31 12:32:48,942 INFO org.apache.juli.logging.DirectJDKLog [http-nio-8080-exec-1] Initializing Spring DispatcherServlet 'dispatcherServlet'
2021-08-31 12:32:48,943 INFO org.springframework.web.servlet.FrameworkServlet [http-nio-8080-exec-1] Initializing Servlet 'dispatcherServlet'
2021-08-31 12:32:48,944 INFO org.springframework.web.servlet.FrameworkServlet [http-nio-8080-exec-1] Completed initialization in 1 ms
